<?xml version="1.0" encoding="UTF-8"?>
<!-- Generated by org.testng.reporters.JUnitReportReporter -->
<testsuite hostname="WINDOWS-CLVV397" name="com.demo.sample.BrowserLaunch" tests="1" failures="0" timestamp="4 Aug 2019 22:22:17 GMT" time="12.580" errors="0">
  <testcase name="browserlaunch" time="12.580" classname="com.demo.sample.BrowserLaunch"/>
</testsuite> <!-- com.demo.sample.BrowserLaunch -->
