<?xml version="1.0" encoding="UTF-8"?>
<!-- Generated by org.testng.reporters.JUnitReportReporter -->
<testsuite hostname="WINDOWS-CLVV397" name="com.demo.sample.BrowserLaunch" tests="1" failures="0" timestamp="4 Aug 2019 21:37:56 GMT" time="97.267" errors="0">
  <testcase name="browserlaunch" time="97.267" classname="com.demo.sample.BrowserLaunch"/>
</testsuite> <!-- com.demo.sample.BrowserLaunch -->
